[beloved-ideas-595751.framer.app/index.html]
[backblue.gif]
[fade.gif]
[index.html]
[framerusercontent.com/images/nTO2oZOGlCgCWiLsQgyT1zbM.jpg]
[fonts.gstatic.com/s/montserrat/v31/JTUQjIg1_i6t8kCHKm459WxRxC7mw9c.woff2]
[fonts.gstatic.com/s/montserrat/v31/JTUQjIg1_i6t8kCHKm459WxRzS7mw9c.woff2]
[fonts.gstatic.com/s/montserrat/v31/JTUQjIg1_i6t8kCHKm459WxRxi7mw9c.woff2]
[fonts.gstatic.com/s/montserrat/v31/JTUQjIg1_i6t8kCHKm459WxRxy7mw9c.woff2]
[fonts.gstatic.com/s/montserrat/v31/JTUQjIg1_i6t8kCHKm459WxRyS7m.woff2]
[fonts.gstatic.com/s/montserrat/v31/JTUSjIg1_i6t8kCHKm459WRhyzbi.woff2]
[fonts.gstatic.com/s/montserrat/v31/JTUSjIg1_i6t8kCHKm459W1hyzbi.woff2]
[fonts.gstatic.com/s/montserrat/v31/JTUSjIg1_i6t8kCHKm459WZhyzbi.woff2]
[fonts.gstatic.com/s/montserrat/v31/JTUSjIg1_i6t8kCHKm459Wdhyzbi.woff2]
[fonts.gstatic.com/s/montserrat/v31/JTUSjIg1_i6t8kCHKm459Wlhyw.woff2]
[fonts.gstatic.com/s/calistoga/v18/6NUU8F2OJg6MeR7l4e0fvMwB8dQ.woff2]
[fonts.gstatic.com/s/calistoga/v18/6NUU8F2OJg6MeR7l4e0fvcwB8dQ.woff2]
[fonts.gstatic.com/s/calistoga/v18/6NUU8F2OJg6MeR7l4e0fs8wB.woff2]
[fonts.gstatic.com/s/montserrat/v31/JTUFjIg1_i6t8kCHKm459Wx7xQYXK0vOoz6jqw16WXV0poK5.woff2]
[fonts.gstatic.com/s/montserrat/v31/JTUFjIg1_i6t8kCHKm459Wx7xQYXK0vOoz6jqw16WXx0poK5.woff2]
[fonts.gstatic.com/s/montserrat/v31/JTUFjIg1_i6t8kCHKm459Wx7xQYXK0vOoz6jqw16WXd0poK5.woff2]
[fonts.gstatic.com/s/montserrat/v31/JTUFjIg1_i6t8kCHKm459Wx7xQYXK0vOoz6jqw16WXZ0poK5.woff2]
[fonts.gstatic.com/s/montserrat/v31/JTUFjIg1_i6t8kCHKm459Wx7xQYXK0vOoz6jqw16WXh0pg.woff2]
[fonts.gstatic.com/s/montserrat/v31/JTUHjIg1_i6t8kCHKm4532VJOt5-QNFgpCvC73w0aXpsog.woff2]
[fonts.gstatic.com/s/montserrat/v31/JTUHjIg1_i6t8kCHKm4532VJOt5-QNFgpCvC73w9aXpsog.woff2]
[fonts.gstatic.com/s/montserrat/v31/JTUHjIg1_i6t8kCHKm4532VJOt5-QNFgpCvC73w2aXpsog.woff2]
[fonts.gstatic.com/s/montserrat/v31/JTUHjIg1_i6t8kCHKm4532VJOt5-QNFgpCvC73w3aXpsog.woff2]
[fonts.gstatic.com/s/montserrat/v31/JTUHjIg1_i6t8kCHKm4532VJOt5-QNFgpCvC73w5aXo.woff2]
[beloved-ideas-595751.framer.app/blog.html]
[beloved-ideas-595751.framer.app/contact.html]
[framerusercontent.com/images/nTO2oZOGlCgCWiLsQgyT1zbM90ee.jpg]
[beloved-ideas-595751.framer.app/blog/aprilleaf.html]
[framerusercontent.com/images/x7smEFjrGw9ef3ZVZHzVir9UZA6c9c.jpg]
[beloved-ideas-595751.framer.app/blog/carocafe.html]
[framerusercontent.com/images/oGQgz4iX3mwX1uowWZw4ZZllCVs480f.jpg]
[beloved-ideas-595751.framer.app/blog/pekanfood.html]
[framerusercontent.com/images/G6YPqYlzFGngJFmQf9QhCwqZy8941f.jpg]
[framerusercontent.com/sites/2Y0UmuDoO1qpwQmo1xElYF/react.B6XELhit.mjs]
[framerusercontent.com/sites/2Y0UmuDoO1qpwQmo1xElYF/rolldown-runtime.mGKE_U0z.mjs]
[framerusercontent.com/sites/2Y0UmuDoO1qpwQmo1xElYF/framer.BQYU0prW.mjs]
[framerusercontent.com/sites/2Y0UmuDoO1qpwQmo1xElYF/motion.DrIq5ixi.mjs]
[framerusercontent.com/sites/2Y0UmuDoO1qpwQmo1xElYF/_tCpLhFnxI-T0mDCbOVBQ3cYLpLEP9l9JNm-QCyPcAg.ClkUUime.mjs]
[framerusercontent.com/sites/2Y0UmuDoO1qpwQmo1xElYF/shared-lib.jbfItQ3q.mjs]
[framerusercontent.com/sites/2Y0UmuDoO1qpwQmo1xElYF/wg8Xs5Yw0.C6Rcvj7-.mjs]
[framerusercontent.com/sites/2Y0UmuDoO1qpwQmo1xElYF/cV2rOZ7x0.D896HtwK.mjs]
[framerusercontent.com/sites/2Y0UmuDoO1qpwQmo1xElYF/jEDtVwaqo.pVAWr-jL.mjs]
[framerusercontent.com/sites/2Y0UmuDoO1qpwQmo1xElYF/XIGoCDuXA.UAtX3qHV.mjs]
[framerusercontent.com/sites/2Y0UmuDoO1qpwQmo1xElYF/Tp5XTy5N_.B2AkD4nP.mjs]
[framerusercontent.com/sites/2Y0UmuDoO1qpwQmo1xElYF/augiA20Il.lDqVneVb.mjs]
[framerusercontent.com/sites/2Y0UmuDoO1qpwQmo1xElYF/script_main.C6re57By.mjs]
[beloved-ideas-595751.framer.app/index.html]
[fonts.gstatic.com/index.html]
[framerusercontent.com/sites/2Y0UmuDoO1qpwQmo1xElYF/zJd0sC_NHWLKzfeC8mUMgSC_LowWPDSu7LcfytRp7AY.DI6LDsk0.mjs]
[beloved-ideas-595751.framer.app/blog.html]
[framerusercontent.com/sites/2Y0UmuDoO1qpwQmo1xElYF/ytGvIXsSG.BiNs1RSW.mjs]
[framerusercontent.com/sites/2Y0UmuDoO1qpwQmo1xElYF/EkbBy-3pGnmBfTNYmFzzqsgK7BHfbigQ2bXVonHFb1I.DauwqiyE.mjs]
[framerusercontent.com/sites/2Y0UmuDoO1qpwQmo1xElYF/GTgVTZPwV.w8WptBan.mjs]
[beloved-ideas-595751.framer.app/contact.html]
[framerusercontent.com/sites/2Y0UmuDoO1qpwQmo1xElYF/SsHq0IvYb.Cn5o7q93.mjs]
[framerusercontent.com/images/c0EZxtMucSR6UOSZk2TBnWsqr450a7.svg]
[framerusercontent.com/images/KNXRDg2XQTaTHgVCSyfR9b7U0Dw6b40.jpg]
[framerusercontent.com/images/uSoodWmswQhgx9DqnEDNz5r1sk941f.jpg]
[framerusercontent.com/images/LMgO8xtJnmJrtXEWd1rMJyvwg6b40.jpg]
[framerusercontent.com/images/GNzP3ce0jB48qdfrsSBS3QZB6Fwd48b.png]
[framerusercontent.com/images/1eRtQgwDR2v1uof2tk2ni5QlQe530.png]
[framerusercontent.com/images/nrAp9Xmm1j3AQSp068FNIXjyvQcdf50.png]
[framerusercontent.com/sites/2Y0UmuDoO1qpwQmo1xElYF/Aksd8uSyOku32UQJYL9fn1gBaX6m_nImRQDC8Aq_KzA.D9WtEsit.mjs]
[beloved-ideas-595751.framer.app/blog/aprilleaf.html]
[beloved-ideas-595751.framer.app/blog/carocafe.html]
[beloved-ideas-595751.framer.app/blog/pekanfood.html]
[framerusercontent.com/sites/2Y0UmuDoO1qpwQmo1xElYF/qLCGIwu7S.CUEhw7oj.mjs]
[framerusercontent.com/images/x7smEFjrGw9ef3ZVZHzVir9UZA53db.json]
[framerusercontent.com/images/oGQgz4iX3mwX1uowWZw4ZZllCVs2dab.json]
[framerusercontent.com/images/G6YPqYlzFGngJFmQf9QhCwqZy8df21.json]
